[31m2021-01-06 13:52:32,266[0;39m [34mINFO [0;39m [[34mmain[0;39m] [33morg.springframework.boot.StartupInfoLogger[0;39m [32mUSER_ID: | SESSION_ID: | UUID: [0;39m: Starting Application using Java 1.8.0_231 on 105323-005L with PID 21288 (D:\sampleproject.one\target\classes started by Chinthaka_105323 in D:\sampleproject.one)
[31m2021-01-06 13:52:32,270[0;39m [39mDEBUG[0;39m [[34mmain[0;39m] [33morg.springframework.boot.StartupInfoLogger[0;39m [32mUSER_ID: | SESSION_ID: | UUID: [0;39m: Running with Spring Boot v2.4.1, Spring v5.3.2
[31m2021-01-06 13:52:32,271[0;39m [34mINFO [0;39m [[34mmain[0;39m] [33morg.springframework.boot.SpringApplication[0;39m [32mUSER_ID: | SESSION_ID: | UUID: [0;39m: No active profile set, falling back to default profiles: default
[31m2021-01-06 13:52:37,969[0;39m [34mINFO [0;39m [[34mmain[0;39m] [33morg.springframework.boot.StartupInfoLogger[0;39m [32mUSER_ID: | SESSION_ID: | UUID: [0;39m: Started Application in 6.835 seconds (JVM running for 7.536)
[31m2021-01-06 13:52:46,746[0;39m [34mINFO [0;39m [[34mhttp-nio-8083-exec-1[0;39m] [33mcom.adl.sampleproject.one.controllers.TestController[0;39m [32mUSER_ID: | SESSION_ID: | UUID: [0;39m: Get server info api called
[31m2021-01-06 13:52:46,756[0;39m [39mDEBUG[0;39m [[34mhttp-nio-8083-exec-1[0;39m] [33mcom.adl.sampleproject.one.services.implimentations.TestServiceImpl[0;39m [32mUSER_ID: | SESSION_ID: | UUID: [0;39m: Inside getServerInfo method
[31m2021-01-06 13:52:46,762[0;39m [39mDEBUG[0;39m [[34mhttp-nio-8083-exec-1[0;39m] [33mcom.adl.sampleproject.one.services.implimentations.TestServiceImpl[0;39m [32mUSER_ID: | SESSION_ID: | UUID: [0;39m: Host name : 105323-005L  , ip: 192.168.16.65  , port: 8083
[31m2021-01-06 13:55:15,795[0;39m [34mINFO [0;39m [[34mmain[0;39m] [33morg.springframework.boot.StartupInfoLogger[0;39m [32mUSER_ID: | SESSION_ID: | UUID: [0;39m: Starting Application using Java 1.8.0_231 on 105323-005L with PID 2856 (D:\sampleproject.one\target\classes started by Chinthaka_105323 in D:\sampleproject.one)
[31m2021-01-06 13:55:15,799[0;39m [39mDEBUG[0;39m [[34mmain[0;39m] [33morg.springframework.boot.StartupInfoLogger[0;39m [32mUSER_ID: | SESSION_ID: | UUID: [0;39m: Running with Spring Boot v2.4.1, Spring v5.3.2
[31m2021-01-06 13:55:15,800[0;39m [34mINFO [0;39m [[34mmain[0;39m] [33morg.springframework.boot.SpringApplication[0;39m [32mUSER_ID: | SESSION_ID: | UUID: [0;39m: No active profile set, falling back to default profiles: default
[31m2021-01-06 13:55:20,965[0;39m [34mINFO [0;39m [[34mhttp-nio-8083-exec-1[0;39m] [33mcom.adl.sampleproject.one.controllers.TestController[0;39m [32mUSER_ID: | SESSION_ID: | UUID: [0;39m: Get server info api called
[31m2021-01-06 13:55:20,970[0;39m [39mDEBUG[0;39m [[34mhttp-nio-8083-exec-1[0;39m] [33mcom.adl.sampleproject.one.services.implimentations.TestServiceImpl[0;39m [32mUSER_ID: | SESSION_ID: | UUID: [0;39m: Inside getServerInfo method
[31m2021-01-06 13:55:20,972[0;39m [39mDEBUG[0;39m [[34mhttp-nio-8083-exec-1[0;39m] [33mcom.adl.sampleproject.one.services.implimentations.TestServiceImpl[0;39m [32mUSER_ID: | SESSION_ID: | UUID: [0;39m: Host name : 105323-005L  , ip: 192.168.16.65  , port: 8083
[31m2021-01-06 13:55:21,359[0;39m [34mINFO [0;39m [[34mmain[0;39m] [33morg.springframework.boot.StartupInfoLogger[0;39m [32mUSER_ID: | SESSION_ID: | UUID: [0;39m: Started Application in 6.798 seconds (JVM running for 7.49)
[31m2021-01-06 13:56:00,398[0;39m [34mINFO [0;39m [[34mhttp-nio-8083-exec-2[0;39m] [33mcom.adl.sampleproject.one.controllers.TestController[0;39m [32mUSER_ID: | SESSION_ID: | UUID: [0;39m: Get server info api called
[31m2021-01-06 13:56:00,398[0;39m [39mDEBUG[0;39m [[34mhttp-nio-8083-exec-2[0;39m] [33mcom.adl.sampleproject.one.services.implimentations.TestServiceImpl[0;39m [32mUSER_ID: | SESSION_ID: | UUID: [0;39m: Inside getServerInfo method
[31m2021-01-06 13:56:00,399[0;39m [39mDEBUG[0;39m [[34mhttp-nio-8083-exec-2[0;39m] [33mcom.adl.sampleproject.one.services.implimentations.TestServiceImpl[0;39m [32mUSER_ID: | SESSION_ID: | UUID: [0;39m: Host name : 105323-005L  , ip: 192.168.16.65  , port: 8083
[31m2021-01-06 13:56:10,468[0;39m [34mINFO [0;39m [[34mhttp-nio-8083-exec-3[0;39m] [33mcom.adl.sampleproject.one.controllers.TestController[0;39m [32mUSER_ID: | SESSION_ID: | UUID: [0;39m: Get server info api called
[31m2021-01-06 13:56:10,468[0;39m [39mDEBUG[0;39m [[34mhttp-nio-8083-exec-3[0;39m] [33mcom.adl.sampleproject.one.services.implimentations.TestServiceImpl[0;39m [32mUSER_ID: | SESSION_ID: | UUID: [0;39m: Inside getServerInfo method
[31m2021-01-06 13:56:10,471[0;39m [39mDEBUG[0;39m [[34mhttp-nio-8083-exec-3[0;39m] [33mcom.adl.sampleproject.one.services.implimentations.TestServiceImpl[0;39m [32mUSER_ID: | SESSION_ID: | UUID: [0;39m: Host name : 105323-005L  , ip: 192.168.16.65  , port: 8083
[31m2021-01-06 13:56:14,212[0;39m [34mINFO [0;39m [[34mhttp-nio-8083-exec-4[0;39m] [33mcom.adl.sampleproject.one.controllers.TestController[0;39m [32mUSER_ID: | SESSION_ID: | UUID: [0;39m: Get server info api called
[31m2021-01-06 13:56:14,213[0;39m [39mDEBUG[0;39m [[34mhttp-nio-8083-exec-4[0;39m] [33mcom.adl.sampleproject.one.services.implimentations.TestServiceImpl[0;39m [32mUSER_ID: | SESSION_ID: | UUID: [0;39m: Inside getServerInfo method
[31m2021-01-06 13:56:14,214[0;39m [39mDEBUG[0;39m [[34mhttp-nio-8083-exec-4[0;39m] [33mcom.adl.sampleproject.one.services.implimentations.TestServiceImpl[0;39m [32mUSER_ID: | SESSION_ID: | UUID: [0;39m: Host name : 105323-005L  , ip: 192.168.16.65  , port: 8083
[31m2021-01-06 13:56:16,033[0;39m [34mINFO [0;39m [[34mhttp-nio-8083-exec-5[0;39m] [33mcom.adl.sampleproject.one.controllers.TestController[0;39m [32mUSER_ID: | SESSION_ID: | UUID: [0;39m: Get server info api called
[31m2021-01-06 13:56:16,033[0;39m [39mDEBUG[0;39m [[34mhttp-nio-8083-exec-5[0;39m] [33mcom.adl.sampleproject.one.services.implimentations.TestServiceImpl[0;39m [32mUSER_ID: | SESSION_ID: | UUID: [0;39m: Inside getServerInfo method
[31m2021-01-06 13:56:16,035[0;39m [39mDEBUG[0;39m [[34mhttp-nio-8083-exec-5[0;39m] [33mcom.adl.sampleproject.one.services.implimentations.TestServiceImpl[0;39m [32mUSER_ID: | SESSION_ID: | UUID: [0;39m: Host name : 105323-005L  , ip: 192.168.16.65  , port: 8083
[31m2021-01-06 13:56:18,499[0;39m [34mINFO [0;39m [[34mhttp-nio-8083-exec-6[0;39m] [33mcom.adl.sampleproject.one.controllers.TestController[0;39m [32mUSER_ID: | SESSION_ID: | UUID: [0;39m: Get server info api called
[31m2021-01-06 13:56:18,500[0;39m [39mDEBUG[0;39m [[34mhttp-nio-8083-exec-6[0;39m] [33mcom.adl.sampleproject.one.services.implimentations.TestServiceImpl[0;39m [32mUSER_ID: | SESSION_ID: | UUID: [0;39m: Inside getServerInfo method
[31m2021-01-06 13:56:18,502[0;39m [39mDEBUG[0;39m [[34mhttp-nio-8083-exec-6[0;39m] [33mcom.adl.sampleproject.one.services.implimentations.TestServiceImpl[0;39m [32mUSER_ID: | SESSION_ID: | UUID: [0;39m: Host name : 105323-005L  , ip: 192.168.16.65  , port: 8083
[31m2021-01-06 13:56:20,823[0;39m [34mINFO [0;39m [[34mhttp-nio-8083-exec-7[0;39m] [33mcom.adl.sampleproject.one.controllers.TestController[0;39m [32mUSER_ID: | SESSION_ID: | UUID: [0;39m: Get server info api called
[31m2021-01-06 13:56:20,824[0;39m [39mDEBUG[0;39m [[34mhttp-nio-8083-exec-7[0;39m] [33mcom.adl.sampleproject.one.services.implimentations.TestServiceImpl[0;39m [32mUSER_ID: | SESSION_ID: | UUID: [0;39m: Inside getServerInfo method
[31m2021-01-06 13:56:20,825[0;39m [39mDEBUG[0;39m [[34mhttp-nio-8083-exec-7[0;39m] [33mcom.adl.sampleproject.one.services.implimentations.TestServiceImpl[0;39m [32mUSER_ID: | SESSION_ID: | UUID: [0;39m: Host name : 105323-005L  , ip: 192.168.16.65  , port: 8083
[31m2021-01-06 13:58:08,823[0;39m [34mINFO [0;39m [[34mmain[0;39m] [33morg.springframework.boot.StartupInfoLogger[0;39m [32mAPP_NAME: sampleproject.one | TRACE_ID: | SPAN_ID:[0;39m: Starting Application using Java 1.8.0_231 on 105323-005L with PID 22168 (D:\sampleproject.one\target\classes started by Chinthaka_105323 in D:\sampleproject.one)
[31m2021-01-06 13:58:08,827[0;39m [39mDEBUG[0;39m [[34mmain[0;39m] [33morg.springframework.boot.StartupInfoLogger[0;39m [32mAPP_NAME: sampleproject.one | TRACE_ID: | SPAN_ID:[0;39m: Running with Spring Boot v2.4.1, Spring v5.3.2
[31m2021-01-06 13:58:08,828[0;39m [34mINFO [0;39m [[34mmain[0;39m] [33morg.springframework.boot.SpringApplication[0;39m [32mAPP_NAME: sampleproject.one | TRACE_ID: | SPAN_ID:[0;39m: No active profile set, falling back to default profiles: default
[31m2021-01-06 13:58:14,080[0;39m [34mINFO [0;39m [[34mhttp-nio-8083-exec-1[0;39m] [33mcom.adl.sampleproject.one.controllers.TestController[0;39m [32mAPP_NAME: sampleproject.one | TRACE_ID:b43cb7fdb272c0fa | SPAN_ID:27bdd4b2852d35bb[0;39m: Get server info api called
[31m2021-01-06 13:58:14,085[0;39m [39mDEBUG[0;39m [[34mhttp-nio-8083-exec-1[0;39m] [33mcom.adl.sampleproject.one.services.implimentations.TestServiceImpl[0;39m [32mAPP_NAME: sampleproject.one | TRACE_ID:b43cb7fdb272c0fa | SPAN_ID:27bdd4b2852d35bb[0;39m: Inside getServerInfo method
[31m2021-01-06 13:58:14,087[0;39m [39mDEBUG[0;39m [[34mhttp-nio-8083-exec-1[0;39m] [33mcom.adl.sampleproject.one.services.implimentations.TestServiceImpl[0;39m [32mAPP_NAME: sampleproject.one | TRACE_ID:b43cb7fdb272c0fa | SPAN_ID:27bdd4b2852d35bb[0;39m: Host name : 105323-005L  , ip: 192.168.16.65  , port: 8083
[31m2021-01-06 13:58:14,578[0;39m [34mINFO [0;39m [[34mmain[0;39m] [33morg.springframework.boot.StartupInfoLogger[0;39m [32mAPP_NAME: sampleproject.one | TRACE_ID: | SPAN_ID:[0;39m: Started Application in 6.916 seconds (JVM running for 7.621)
[31m2021-01-06 14:06:09,201[0;39m [34mINFO [0;39m [[34mmain[0;39m] [33morg.springframework.boot.StartupInfoLogger[0;39m [32mAPP_NAME: sampleproject.one | TRACE_ID: | SPAN_ID:[0;39m: Starting Application using Java 1.8.0_231 on 105323-005L with PID 13672 (D:\sampleproject.one\target\classes started by Chinthaka_105323 in D:\sampleproject.one)
[31m2021-01-06 14:06:09,204[0;39m [39mDEBUG[0;39m [[34mmain[0;39m] [33morg.springframework.boot.StartupInfoLogger[0;39m [32mAPP_NAME: sampleproject.one | TRACE_ID: | SPAN_ID:[0;39m: Running with Spring Boot v2.4.1, Spring v5.3.2
[31m2021-01-06 14:06:09,205[0;39m [34mINFO [0;39m [[34mmain[0;39m] [33morg.springframework.boot.SpringApplication[0;39m [32mAPP_NAME: sampleproject.one | TRACE_ID: | SPAN_ID:[0;39m: No active profile set, falling back to default profiles: default
[31m2021-01-06 14:06:14,262[0;39m [34mINFO [0;39m [[34mmain[0;39m] [33morg.springframework.boot.StartupInfoLogger[0;39m [32mAPP_NAME: sampleproject.one | TRACE_ID: | SPAN_ID:[0;39m: Started Application in 6.198 seconds (JVM running for 6.928)
[31m2021-01-06 14:06:21,152[0;39m [34mINFO [0;39m [[34mhttp-nio-8083-exec-1[0;39m] [33mcom.adl.sampleproject.one.controllers.TestController[0;39m [32mAPP_NAME: sampleproject.one | TRACE_ID:d5b9518c1de7725f | SPAN_ID:f4ec1df41adb7174[0;39m: Get server info api called
[31m2021-01-06 14:06:21,160[0;39m [39mDEBUG[0;39m [[34mhttp-nio-8083-exec-1[0;39m] [33mcom.adl.sampleproject.one.services.implimentations.TestServiceImpl[0;39m [32mAPP_NAME: sampleproject.one | TRACE_ID:d5b9518c1de7725f | SPAN_ID:f4ec1df41adb7174[0;39m: Inside getServerInfo method
[31m2021-01-06 14:06:21,162[0;39m [39mDEBUG[0;39m [[34mhttp-nio-8083-exec-1[0;39m] [33mcom.adl.sampleproject.one.services.implimentations.TestServiceImpl[0;39m [32mAPP_NAME: sampleproject.one | TRACE_ID:d5b9518c1de7725f | SPAN_ID:f4ec1df41adb7174[0;39m: Host name : 105323-005L  , ip: 192.168.16.65  , port: 8083
[31m2021-01-06 14:23:18,882[0;39m [34mINFO [0;39m [[34mmain[0;39m] [33morg.springframework.boot.StartupInfoLogger[0;39m [32mAPP_NAME: sampleproject.one | TRACE_ID: | SPAN_ID:[0;39m: Starting Application using Java 1.8.0_231 on 105323-005L with PID 18856 (D:\sampleproject.one\target\classes started by Chinthaka_105323 in D:\sampleproject.one)
[31m2021-01-06 14:23:18,885[0;39m [39mDEBUG[0;39m [[34mmain[0;39m] [33morg.springframework.boot.StartupInfoLogger[0;39m [32mAPP_NAME: sampleproject.one | TRACE_ID: | SPAN_ID:[0;39m: Running with Spring Boot v2.4.1, Spring v5.3.2
[31m2021-01-06 14:23:18,885[0;39m [34mINFO [0;39m [[34mmain[0;39m] [33morg.springframework.boot.SpringApplication[0;39m [32mAPP_NAME: sampleproject.one | TRACE_ID: | SPAN_ID:[0;39m: No active profile set, falling back to default profiles: default
[31m2021-01-06 14:23:26,372[0;39m [34mINFO [0;39m [[34mmain[0;39m] [33morg.springframework.boot.StartupInfoLogger[0;39m [32mAPP_NAME: sampleproject.one | TRACE_ID: | SPAN_ID:[0;39m: Started Application in 8.743 seconds (JVM running for 9.508)
[31m2021-01-06 15:17:16,268[0;39m [34mINFO [0;39m [[34mmain[0;39m] [33morg.springframework.boot.StartupInfoLogger[0;39m [32mAPP_NAME: sampleproject.one | TRACE_ID: | SPAN_ID:[0;39m: Starting Application using Java 1.8.0_231 on 105323-005L with PID 17352 (D:\sampleproject.one\target\classes started by Chinthaka_105323 in D:\sampleproject.one)
[31m2021-01-06 15:17:16,272[0;39m [39mDEBUG[0;39m [[34mmain[0;39m] [33morg.springframework.boot.StartupInfoLogger[0;39m [32mAPP_NAME: sampleproject.one | TRACE_ID: | SPAN_ID:[0;39m: Running with Spring Boot v2.4.1, Spring v5.3.2
[31m2021-01-06 15:17:16,272[0;39m [34mINFO [0;39m [[34mmain[0;39m] [33morg.springframework.boot.SpringApplication[0;39m [32mAPP_NAME: sampleproject.one | TRACE_ID: | SPAN_ID:[0;39m: No active profile set, falling back to default profiles: default
[31m2021-01-06 15:17:21,557[0;39m [34mINFO [0;39m [[34mmain[0;39m] [33morg.springframework.boot.StartupInfoLogger[0;39m [32mAPP_NAME: sampleproject.one | TRACE_ID: | SPAN_ID:[0;39m: Started Application in 6.604 seconds (JVM running for 7.364)
[31m2021-01-06 15:18:04,641[0;39m [34mINFO [0;39m [[34mhttp-nio-8083-exec-1[0;39m] [33mcom.adl.sampleproject.one.controllers.TestController[0;39m [32mAPP_NAME: sampleproject.one | TRACE_ID:783665498287e3ef | SPAN_ID:a4afa88a6731d598[0;39m: Get server info api called
[31m2021-01-06 15:18:04,648[0;39m [39mDEBUG[0;39m [[34mhttp-nio-8083-exec-1[0;39m] [33mcom.adl.sampleproject.one.services.implimentations.TestServiceImpl[0;39m [32mAPP_NAME: sampleproject.one | TRACE_ID:783665498287e3ef | SPAN_ID:a4afa88a6731d598[0;39m: Inside getServerInfo method
[31m2021-01-06 15:18:04,649[0;39m [39mDEBUG[0;39m [[34mhttp-nio-8083-exec-1[0;39m] [33mcom.adl.sampleproject.one.services.implimentations.TestServiceImpl[0;39m [32mAPP_NAME: sampleproject.one | TRACE_ID:783665498287e3ef | SPAN_ID:a4afa88a6731d598[0;39m: Host name : 105323-005L  , ip: 192.168.16.65  , port: 8083
